<?xml version="1.0" encoding="utf-8"?><testsuites><testsuite errors="0" failures="0" hostname="dyn3185-147.wlan.ic.ac.uk" name="pytest" skipped="0" tests="3" time="16.797" timestamp="2019-10-24T10:47:17.240145"><testcase classname="test" file="test.py" line="35" name="test_get_easting_northing_from_lat_long" points="500" time="0.066"><properties>
[...]
</properties></testcase><testcase classname="test" file="test.py" line="89" name="test_tool" points="100" time="0.000"><properties><property name="tool initialization" value="(2.8919897850000003, [True])"/></properties></testcase><testcase classname="test" file="test.py" line="94" name="test_get_lat_long" points="500" time="0.071"><properties>
[...]
</properties></testcase><testcase time="0.000"></testcase></testsuite></testsuites>