<?xml version="1.0" encoding="utf-8"?><testsuites><testsuite errors="0" failures="0" hostname="dyn3184-193.wlan.ic.ac.uk" name="pytest" skipped="0" tests="8" time="37.947" timestamp="2019-10-24T17:02:23.568468"><testcase classname="test" file="test.py" line="40" name="test_get_easting_northing_from_lat_long" points="500" time="0.033"><properties>
[...]
</properties></testcase><testcase classname="test" file="test.py" line="94" name="test_tool" points="100" time="0.000"><properties><property name="tool initialization" value="(2.768286795, [True])"/></properties></testcase><testcase classname="test" file="test.py" line="100" name="test_get_lat_long" points="500" time="0.057"><properties>
[...]
</properties></testcase><testcase classname="test" file="test.py" line="129" name="test_get_easting_northing_flood_probability" points="2000" time="11.695"><properties>
[...]
</properties></testcase><testcase classname="test" file="test.py" line="158" name="test_get_sorted_flood_probability" points="227" time="11.504"><properties>
[...]
</properties></testcase><testcase classname="test" file="test.py" line="185" name="test_get_flood_cost" points="500" time="0.012"><properties>
[...]
</properties></testcase><testcase classname="test" file="test.py" line="215" name="test_get_annual_flood_risk" points="500" time="0.016"><properties>
[...]
</properties></testcase><testcase classname="test" file="test.py" line="245" name="test_get_sorted_annual_flood_risk" points="217" time="11.529"><properties>
[...]
</properties></testcase></testsuite></testsuites>